-------------------------------------------------------------------------------
Test set: SubjectServiceImplTest
-------------------------------------------------------------------------------
Tests run: 7, Failures: 0, Errors: 1, Skipped: 0, Time elapsed: 0.034 s <<< FAILURE! -- in SubjectServiceImplTest
SubjectServiceImplTest.getStudents_SubjectHasStudents_ReturnsStudentList -- Time elapsed: 0.003 s <<< ERROR!
org.modelmapper.MappingException: 
ModelMapper mapping errors:

1) Failed to instantiate instance of destination org.example.UserPortal.payload.StudentDTO. Ensure that org.example.UserPortal.payload.StudentDTO has a non-private no-argument constructor.

1 error
	at org.modelmapper.internal.Errors.throwMappingExceptionIfErrorsExist(Errors.java:386)
	at org.modelmapper.internal.MappingEngineImpl.map(MappingEngineImpl.java:80)
	at org.modelmapper.ModelMapper.mapInternal(ModelMapper.java:589)
	at org.modelmapper.ModelMapper.map(ModelMapper.java:422)
	at org.example.UserPortal.services.Impl.SubjectServiceImpl.maptoDTO(SubjectServiceImpl.java:90)
	at org.example.UserPortal.services.Impl.SubjectServiceImpl.lambda$getStudents$4(SubjectServiceImpl.java:79)
	at java.base/java.util.stream.ReferencePipeline$3$1.accept(ReferencePipeline.java:197)
	at java.base/java.util.Spliterators$ArraySpliterator.forEachRemaining(Spliterators.java:1024)
	at java.base/java.util.stream.AbstractPipeline.copyInto(AbstractPipeline.java:509)
	at java.base/java.util.stream.AbstractPipeline.wrapAndCopyInto(AbstractPipeline.java:499)
	at java.base/java.util.stream.ReduceOps$ReduceOp.evaluateSequential(ReduceOps.java:921)
	at java.base/java.util.stream.AbstractPipeline.evaluate(AbstractPipeline.java:234)
	at java.base/java.util.stream.ReferencePipeline.collect(ReferencePipeline.java:682)
	at org.example.UserPortal.services.Impl.SubjectServiceImpl.getStudents(SubjectServiceImpl.java:79)
	at SubjectServiceImplTest.getStudents_SubjectHasStudents_ReturnsStudentList(SubjectServiceImplTest.java:140)
	at java.base/java.lang.reflect.Method.invoke(Method.java:580)
	at java.base/java.util.ArrayList.forEach(ArrayList.java:1596)
	at java.base/java.util.ArrayList.forEach(ArrayList.java:1596)
Caused by: java.lang.NoSuchMethodException: org.example.UserPortal.payload.StudentDTO.<init>()
	at java.base/java.lang.Class.getConstructor0(Class.java:3761)
	at java.base/java.lang.Class.getDeclaredConstructor(Class.java:2930)
	at org.modelmapper.internal.MappingEngineImpl.instantiate(MappingEngineImpl.java:336)
	at org.modelmapper.internal.MappingEngineImpl.createDestination(MappingEngineImpl.java:351)
	at org.modelmapper.internal.MappingEngineImpl.typeMap(MappingEngineImpl.java:140)
	at org.modelmapper.internal.MappingEngineImpl.map(MappingEngineImpl.java:114)
	at org.modelmapper.internal.MappingEngineImpl.map(MappingEngineImpl.java:71)
	... 16 more

